{"name":"logger","hostname":"delrkakk166059","pid":10264,"level":30,"msg":"Body of request is [object Object]","time":"2015-12-30T03:15:04.522Z","v":0}
{"name":"logger","hostname":"delrkakk166059","pid":10264,"level":30,"msg":"Body of request is [object Object]","time":"2015-12-30T03:15:51.558Z","v":0}
{"name":"logger","hostname":"delrkakk166059","pid":10264,"level":30,"msg":"Body of request is [object Object]","time":"2015-12-30T03:16:15.399Z","v":0}
{"name":"logger","hostname":"delrkakk166059","pid":10264,"level":30,"msg":"Body of request is [object Object]","time":"2015-12-30T03:16:15.410Z","v":0}
{"name":"logger","hostname":"delrkakk166059","pid":10264,"level":30,"msg":"Body of request is [object Object]","time":"2015-12-30T03:16:15.423Z","v":0}
{"name":"logger","hostname":"delrkakk166059","pid":10264,"level":30,"msg":"Body of request is [object Object]","time":"2015-12-30T03:16:36.964Z","v":0}
{"name":"logger","hostname":"delrkakk166059","pid":10264,"level":30,"msg":"Body of request is [object Object]","time":"2015-12-30T03:17:13.528Z","v":0}
{"name":"logger","hostname":"delrkakk166059","pid":6780,"level":30,"msg":"Body of request is  { username: 'raghav', password: 'ksjsk' }","time":"2015-12-30T03:22:48.842Z","v":0}
{"name":"logger","hostname":"delrkakk166059","pid":6780,"level":30,"msg":"Body of request is  {}","time":"2015-12-30T03:22:51.751Z","v":0}
{"name":"logger","hostname":"delrkakk166059","pid":6780,"level":30,"msg":"username before session invalidation raghav","time":"2015-12-30T03:22:51.752Z","v":0}
{"name":"logger","hostname":"delrkakk166059","pid":6780,"level":30,"msg":"Body of request is  {}","time":"2015-12-30T03:25:47.260Z","v":0}
{"name":"logger","hostname":"delrkakk166059","pid":7216,"level":30,"msg":"Body of request is  {}","time":"2015-12-30T03:26:18.367Z","v":0}
{"name":"logger","hostname":"delrkakk166059","pid":7216,"level":30,"msg":"Body of request is  {}","time":"2015-12-30T03:26:18.402Z","v":0}
{"name":"logger","hostname":"delrkakk166059","pid":7216,"level":30,"msg":"Body of request is  {}","time":"2015-12-30T03:26:18.406Z","v":0}
{"name":"logger","hostname":"delrkakk166059","pid":7216,"level":30,"msg":"Body of request is  {}","time":"2015-12-30T03:26:32.110Z","v":0}
{"name":"logger","hostname":"delrkakk166059","pid":3448,"level":30,"msg":"Body of request is  {}","time":"2015-12-30T03:29:22.372Z","v":0}
{"name":"logger","hostname":"delrkakk166059","pid":3448,"level":30,"msg":"Body of request is  { username: 'Hemant', password: 'Relan' }","time":"2015-12-30T03:29:58.507Z","v":0}
{"name":"logger","hostname":"delrkakk166059","pid":3448,"level":30,"msg":"Body of request is  {}","time":"2015-12-30T03:30:05.421Z","v":0}
{"name":"logger","hostname":"delrkakk166059","pid":3448,"level":30,"msg":"username before session invalidation Hemant","time":"2015-12-30T03:30:05.426Z","v":0}
{"name":"logger","hostname":"delrkakk166059","pid":8148,"level":30,"msg":"Body of request is  {}","time":"2015-12-30T03:31:57.177Z","v":0}
{"name":"logger","hostname":"delrkakk166059","pid":8148,"level":30,"msg":"Body of request is  {}","time":"2015-12-30T03:32:06.114Z","v":0}
{"name":"logger","hostname":"delrkakk166059","pid":8148,"level":30,"msg":"Body of request is  { username: 'Hemant', password: 'Rachael' }","time":"2015-12-30T03:32:35.232Z","v":0}
{"name":"logger","hostname":"delrkakk166059","pid":8148,"level":30,"msg":"Body of request is  {}","time":"2015-12-30T03:32:43.851Z","v":0}
{"name":"logger","hostname":"delrkakk166059","pid":8148,"level":30,"msg":"username before session invalidation Hemant","time":"2015-12-30T03:32:43.853Z","v":0}
{"name":"logger","hostname":"delrkakk166059","pid":8148,"level":50,"msg":"undefined","time":"2015-12-30T03:32:43.853Z","v":0}
{"name":"logger","hostname":"delrkakk166059","pid":10488,"level":30,"msg":"Body of request is  { username: 'HemantRelan', password: '12345' }","time":"2015-12-30T03:34:04.284Z","v":0}
{"name":"logger","hostname":"delrkakk166059","pid":10488,"level":30,"msg":"Body of request is  {}","time":"2015-12-30T03:34:06.820Z","v":0}
{"name":"logger","hostname":"delrkakk166059","pid":10488,"level":30,"msg":"username before session invalidation HemantRelan","time":"2015-12-30T03:34:06.822Z","v":0}
{"name":"logger","hostname":"delrkakk166059","pid":10488,"level":50,"msg":"undefined","time":"2015-12-30T03:34:06.823Z","v":0}
{"name":"logger","hostname":"delrkakk166059","pid":10488,"level":30,"msg":"Body of request is  {}","time":"2015-12-30T03:34:09.451Z","v":0}
{"name":"logger","hostname":"delrkakk166059","pid":10488,"level":30,"msg":"username before session invalidation HemantRelan","time":"2015-12-30T03:34:09.452Z","v":0}
{"name":"logger","hostname":"delrkakk166059","pid":10488,"level":50,"msg":"undefined","time":"2015-12-30T03:34:09.452Z","v":0}
{"name":"logger","hostname":"delrkakk166059","pid":10488,"level":30,"msg":"Body of request is  {}","time":"2015-12-30T03:34:44.952Z","v":0}
{"name":"logger","hostname":"delrkakk166059","pid":10488,"level":30,"msg":"Body of request is  {}","time":"2015-12-30T03:34:50.989Z","v":0}
{"name":"logger","hostname":"delrkakk166059","pid":10488,"level":30,"msg":"Body of request is  {}","time":"2015-12-30T03:34:51.575Z","v":0}
{"name":"logger","hostname":"delrkakk166059","pid":10488,"level":30,"msg":"Body of request is  {}","time":"2015-12-30T03:34:51.789Z","v":0}
{"name":"logger","hostname":"delrkakk166059","pid":10488,"level":30,"msg":"Body of request is  {}","time":"2015-12-30T03:34:51.986Z","v":0}
{"name":"logger","hostname":"delrkakk166059","pid":10488,"level":30,"msg":"Body of request is  {}","time":"2015-12-30T03:34:52.231Z","v":0}
{"name":"logger","hostname":"delrkakk166059","pid":10488,"level":30,"msg":"Body of request is  {}","time":"2015-12-30T03:34:52.421Z","v":0}
{"name":"logger","hostname":"delrkakk166059","pid":10488,"level":30,"msg":"Body of request is  {}","time":"2015-12-30T03:34:52.609Z","v":0}
{"name":"logger","hostname":"delrkakk166059","pid":10488,"level":30,"msg":"Body of request is  {}","time":"2015-12-30T03:34:52.762Z","v":0}
{"name":"logger","hostname":"delrkakk166059","pid":10488,"level":30,"msg":"Body of request is  { username: 'HemantRelan', password: '45678' }","time":"2015-12-30T03:35:08.792Z","v":0}
{"name":"logger","hostname":"delrkakk166059","pid":10488,"level":30,"msg":"Body of request is  {}","time":"2015-12-30T03:35:18.020Z","v":0}
{"name":"logger","hostname":"delrkakk166059","pid":10488,"level":30,"msg":"Body of request is  {}","time":"2015-12-30T03:35:25.653Z","v":0}
{"name":"logger","hostname":"delrkakk166059","pid":10488,"level":30,"msg":"Body of request is  {}","time":"2015-12-30T03:35:37.307Z","v":0}
{"name":"logger","hostname":"delrkakk166059","pid":10488,"level":30,"msg":"Body of request is  { username: 'HemantRelan', password: '123456' }","time":"2015-12-30T03:35:55.682Z","v":0}
{"name":"logger","hostname":"delrkakk166059","pid":10488,"level":30,"msg":"Body of request is  {}","time":"2015-12-30T03:36:01.318Z","v":0}
{"name":"logger","hostname":"delrkakk166059","pid":10488,"level":30,"msg":"Body of request is  {}","time":"2015-12-30T03:36:17.844Z","v":0}
{"name":"logger","hostname":"delrkakk166059","pid":10488,"level":30,"msg":"Body of request is  {}","time":"2015-12-30T03:36:24.501Z","v":0}
{"name":"logger","hostname":"delrkakk166059","pid":10488,"level":30,"msg":"Body of request is  {}","time":"2015-12-30T03:36:30.598Z","v":0}
{"name":"logger","hostname":"delrkakk166059","pid":10488,"level":30,"msg":"Body of request is  { username: 'HemantRelan', password: 'erty' }","time":"2015-12-30T03:36:48.296Z","v":0}
{"name":"logger","hostname":"delrkakk166059","pid":10488,"level":30,"msg":"Body of request is  {}","time":"2015-12-30T03:36:59.753Z","v":0}
{"name":"logger","hostname":"delrkakk166059","pid":2056,"level":30,"msg":"Body of request is  {}","time":"2015-12-30T03:47:37.718Z","v":0}
{"name":"logger","hostname":"delrkakk166059","pid":2056,"level":30,"msg":"Body of request is  {}","time":"2015-12-30T03:47:37.735Z","v":0}
{"name":"logger","hostname":"delrkakk166059","pid":2056,"level":30,"msg":"Body of request is  {}","time":"2015-12-30T03:47:37.738Z","v":0}
{"name":"logger","hostname":"delrkakk166059","pid":2056,"level":30,"msg":"Body of request is  { username: 'Hello', password: '34567' }","time":"2015-12-30T03:47:49.436Z","v":0}
{"name":"logger","hostname":"delrkakk166059","pid":2056,"level":30,"msg":"Body of request is  {}","time":"2015-12-30T03:47:54.645Z","v":0}
{"name":"logger","hostname":"delrkakk166059","pid":2056,"level":30,"msg":"Body of request is  {}","time":"2015-12-30T03:47:59.242Z","v":0}
{"name":"logger","hostname":"delrkakk166059","pid":2056,"level":30,"msg":"username before session invalidation Hello","time":"2015-12-30T03:47:59.242Z","v":0}
{"name":"logger","hostname":"delrkakk166059","pid":2056,"level":50,"msg":"undefined","time":"2015-12-30T03:47:59.243Z","v":0}
{"name":"logger","hostname":"delrkakk166059","pid":2056,"level":30,"msg":"Body of request is  {}","time":"2015-12-30T03:48:04.181Z","v":0}
{"name":"logger","hostname":"delrkakk166059","pid":7396,"level":30,"msg":"Body of request is  {}","time":"2015-12-30T03:49:05.666Z","v":0}
{"name":"logger","hostname":"delrkakk166059","pid":7396,"level":30,"msg":"Body of request is  {}","time":"2015-12-30T03:49:05.685Z","v":0}
{"name":"logger","hostname":"delrkakk166059","pid":7396,"level":30,"msg":"Body of request is  {}","time":"2015-12-30T03:49:05.688Z","v":0}
{"name":"logger","hostname":"delrkakk166059","pid":7396,"level":30,"msg":"Body of request is  { username: 'Hi', password: '00000000' }","time":"2015-12-30T03:49:15.590Z","v":0}
{"name":"logger","hostname":"delrkakk166059","pid":7396,"level":30,"msg":"Body of request is  {}","time":"2015-12-30T03:49:29.528Z","v":0}
{"name":"logger","hostname":"delrkakk166059","pid":7396,"level":30,"msg":"Body of request is  {}","time":"2015-12-30T03:49:31.850Z","v":0}
{"name":"logger","hostname":"delrkakk166059","pid":7396,"level":30,"msg":"username before session invalidation Hi","time":"2015-12-30T03:49:31.851Z","v":0}
{"name":"logger","hostname":"delrkakk166059","pid":7396,"level":50,"msg":"undefined","time":"2015-12-30T03:49:31.852Z","v":0}
{"name":"logger","hostname":"delrkakk166059","pid":7396,"level":30,"msg":"Body of request is  {}","time":"2015-12-30T03:49:37.743Z","v":0}
{"name":"logger","hostname":"delrkakk166059","pid":7396,"level":30,"msg":"Body of request is  {}","time":"2015-12-30T03:49:40.523Z","v":0}
{"name":"logger","hostname":"delrkakk166059","pid":7396,"level":30,"msg":"username before session invalidation Hi","time":"2015-12-30T03:49:40.525Z","v":0}
{"name":"logger","hostname":"delrkakk166059","pid":7396,"level":50,"msg":"undefined","time":"2015-12-30T03:49:40.525Z","v":0}
{"name":"logger","hostname":"delrkakk166059","pid":7396,"level":30,"msg":"Body of request is  {}","time":"2015-12-30T03:49:41.268Z","v":0}
{"name":"logger","hostname":"delrkakk166059","pid":4180,"level":30,"msg":"Body of request is  {}","time":"2015-12-30T03:57:54.615Z","v":0}
{"name":"logger","hostname":"delrkakk166059","pid":4180,"level":30,"msg":"Body of request is  {}","time":"2015-12-30T03:57:54.636Z","v":0}
{"name":"logger","hostname":"delrkakk166059","pid":4180,"level":30,"msg":"Body of request is  {}","time":"2015-12-30T03:57:54.638Z","v":0}
{"name":"logger","hostname":"delrkakk166059","pid":4180,"level":30,"msg":"Body of request is  { username: 'Gaurav', password: '12345' }","time":"2015-12-30T03:58:05.952Z","v":0}
{"name":"logger","hostname":"delrkakk166059","pid":4180,"level":30,"msg":"Body of request is  {}","time":"2015-12-30T03:58:08.951Z","v":0}
{"name":"logger","hostname":"delrkakk166059","pid":4180,"level":30,"msg":"Body of request is  {}","time":"2015-12-30T03:58:11.077Z","v":0}
{"name":"logger","hostname":"delrkakk166059","pid":4180,"level":30,"msg":"username before session invalidation Gaurav","time":"2015-12-30T03:58:11.079Z","v":0}
{"name":"logger","hostname":"delrkakk166059","pid":4180,"level":50,"msg":"undefined","time":"2015-12-30T03:58:11.080Z","v":0}
{"name":"logger","hostname":"delrkakk166059","pid":4180,"level":30,"msg":"Body of request is  {}","time":"2015-12-30T03:58:12.431Z","v":0}
{"name":"logger","hostname":"delrkakk166059","pid":9004,"level":30,"msg":"Body of request is  {}","time":"2015-12-30T03:59:23.614Z","v":0}
{"name":"logger","hostname":"delrkakk166059","pid":9004,"level":30,"msg":"Body of request is  {}","time":"2015-12-30T03:59:23.631Z","v":0}
{"name":"logger","hostname":"delrkakk166059","pid":9004,"level":30,"msg":"Body of request is  {}","time":"2015-12-30T03:59:23.634Z","v":0}
{"name":"logger","hostname":"delrkakk166059","pid":9004,"level":30,"msg":"Body of request is  { username: 'arjdk', password: 'ksjsk' }","time":"2015-12-30T03:59:26.680Z","v":0}
{"name":"logger","hostname":"delrkakk166059","pid":9004,"level":30,"msg":"Body of request is  {}","time":"2015-12-30T03:59:28.638Z","v":0}
{"name":"logger","hostname":"delrkakk166059","pid":9004,"level":30,"msg":"Body of request is  {}","time":"2015-12-30T03:59:30.524Z","v":0}
{"name":"logger","hostname":"delrkakk166059","pid":9004,"level":30,"msg":"username before session invalidation arjdk","time":"2015-12-30T03:59:30.525Z","v":0}
{"name":"logger","hostname":"delrkakk166059","pid":9004,"level":50,"msg":"undefined","time":"2015-12-30T03:59:30.526Z","v":0}
{"name":"logger","hostname":"delrkakk166059","pid":9004,"level":30,"msg":"Body of request is  {}","time":"2015-12-30T03:59:33.971Z","v":0}
{"name":"logger","hostname":"delrkakk166059","pid":9004,"level":30,"msg":"Body of request is  {}","time":"2015-12-30T03:59:48.977Z","v":0}
{"name":"logger","hostname":"delrkakk166059","pid":9004,"level":30,"msg":"username before session invalidation arjdk","time":"2015-12-30T03:59:48.978Z","v":0}
{"name":"logger","hostname":"delrkakk166059","pid":9004,"level":50,"msg":"undefined","time":"2015-12-30T03:59:48.978Z","v":0}
{"name":"logger","hostname":"delrkakk166059","pid":8412,"level":30,"msg":"Body of request is  {}","time":"2015-12-30T04:01:05.905Z","v":0}
{"name":"logger","hostname":"delrkakk166059","pid":8412,"level":30,"msg":"Body of request is  {}","time":"2015-12-30T04:01:05.931Z","v":0}
{"name":"logger","hostname":"delrkakk166059","pid":8412,"level":30,"msg":"Body of request is  {}","time":"2015-12-30T04:01:05.936Z","v":0}
{"name":"logger","hostname":"delrkakk166059","pid":8412,"level":30,"msg":"Body of request is  { username: 'arjdk12345', password: 'ksjsk' }","time":"2015-12-30T04:01:11.574Z","v":0}
{"name":"logger","hostname":"delrkakk166059","pid":8412,"level":30,"msg":"Body of request is  {}","time":"2015-12-30T04:01:13.771Z","v":0}
{"name":"logger","hostname":"delrkakk166059","pid":8412,"level":30,"msg":"Body of request is  {}","time":"2015-12-30T04:01:16.969Z","v":0}
{"name":"logger","hostname":"delrkakk166059","pid":8412,"level":30,"msg":"username before session invalidation arjdk12345","time":"2015-12-30T04:01:16.971Z","v":0}
{"name":"logger","hostname":"delrkakk166059","pid":8412,"level":50,"msg":"undefined","time":"2015-12-30T04:01:16.971Z","v":0}
{"name":"logger","hostname":"delrkakk166059","pid":8412,"level":30,"msg":"Body of request is  {}","time":"2015-12-30T04:01:20.180Z","v":0}
{"name":"logger","hostname":"delrkakk166059","pid":1232,"level":30,"msg":"Body of request is  {}","time":"2015-12-30T04:03:10.596Z","v":0}
{"name":"logger","hostname":"delrkakk166059","pid":1232,"level":30,"msg":"Body of request is  {}","time":"2015-12-30T04:03:10.614Z","v":0}
{"name":"logger","hostname":"delrkakk166059","pid":1232,"level":30,"msg":"Body of request is  {}","time":"2015-12-30T04:03:10.618Z","v":0}
{"name":"logger","hostname":"delrkakk166059","pid":1232,"level":30,"msg":"Body of request is  { username: 'arjdker', password: 'ksjsk' }","time":"2015-12-30T04:03:14.118Z","v":0}
{"name":"logger","hostname":"delrkakk166059","pid":1232,"level":30,"msg":"Body of request is  {}","time":"2015-12-30T04:03:16.069Z","v":0}
{"name":"logger","hostname":"delrkakk166059","pid":1232,"level":30,"msg":"Body of request is  {}","time":"2015-12-30T04:03:20.077Z","v":0}
{"name":"logger","hostname":"delrkakk166059","pid":1232,"level":30,"msg":"username before session invalidation arjdker","time":"2015-12-30T04:03:20.082Z","v":0}
{"name":"logger","hostname":"delrkakk166059","pid":1232,"level":50,"msg":"undefined","time":"2015-12-30T04:03:20.083Z","v":0}
{"name":"logger","hostname":"delrkakk166059","pid":1232,"level":30,"msg":"Body of request is  {}","time":"2015-12-30T04:03:21.845Z","v":0}
{"name":"logger","hostname":"delrkakk166059","pid":8392,"level":30,"msg":"Body of request is  {}","time":"2015-12-30T04:06:14.897Z","v":0}
{"name":"logger","hostname":"delrkakk166059","pid":8392,"level":30,"msg":"Body of request is  {}","time":"2015-12-30T04:06:14.914Z","v":0}
{"name":"logger","hostname":"delrkakk166059","pid":8392,"level":30,"msg":"Body of request is  {}","time":"2015-12-30T04:06:14.919Z","v":0}
{"name":"logger","hostname":"delrkakk166059","pid":8392,"level":30,"msg":"Body of request is  { username: 'arjdk12345', password: 'ksjsk' }","time":"2015-12-30T04:06:19.689Z","v":0}
{"name":"logger","hostname":"delrkakk166059","pid":8392,"level":30,"msg":"Body of request is  {}","time":"2015-12-30T04:06:21.581Z","v":0}
{"name":"logger","hostname":"delrkakk166059","pid":8392,"level":30,"msg":"Body of request is  {}","time":"2015-12-30T04:06:23.247Z","v":0}
{"name":"logger","hostname":"delrkakk166059","pid":8392,"level":30,"msg":"username before session invalidation arjdk12345","time":"2015-12-30T04:06:23.250Z","v":0}
{"name":"logger","hostname":"delrkakk166059","pid":8392,"level":50,"msg":"undefined","time":"2015-12-30T04:06:23.251Z","v":0}
{"name":"logger","hostname":"delrkakk166059","pid":8392,"level":30,"msg":"Body of request is  {}","time":"2015-12-30T04:06:24.209Z","v":0}
{"name":"logger","hostname":"delrkakk166059","pid":10384,"level":30,"msg":"Body of request is  {}","time":"2015-12-30T04:35:31.404Z","v":0}
{"name":"logger","hostname":"delrkakk166059","pid":10384,"level":30,"msg":"Body of request is  {}","time":"2015-12-30T04:35:31.421Z","v":0}
{"name":"logger","hostname":"delrkakk166059","pid":10384,"level":30,"msg":"Body of request is  {}","time":"2015-12-30T04:35:31.425Z","v":0}
{"name":"logger","hostname":"delrkakk166059","pid":10384,"level":30,"msg":"Body of request is  { username: 'arjdk1234567', password: 'ksjsk' }","time":"2015-12-30T04:35:37.676Z","v":0}
{"name":"logger","hostname":"delrkakk166059","pid":10384,"level":30,"msg":"Body of request is  {}","time":"2015-12-30T04:35:43.770Z","v":0}
{"name":"logger","hostname":"delrkakk166059","pid":10384,"level":30,"msg":"Body of request is  {}","time":"2015-12-30T04:35:53.071Z","v":0}
{"name":"logger","hostname":"delrkakk166059","pid":10384,"level":30,"msg":"username before session invalidation undefined","time":"2015-12-30T04:35:53.072Z","v":0}
{"name":"logger","hostname":"delrkakk166059","pid":10384,"level":50,"msg":"undefined","time":"2015-12-30T04:35:53.073Z","v":0}
{"name":"logger","hostname":"delrkakk166059","pid":10384,"level":30,"msg":"Body of request is  {}","time":"2015-12-30T04:35:54.504Z","v":0}
{"name":"logger","hostname":"delrkakk166059","pid":4720,"level":30,"msg":"Body of request is  {}","time":"2015-12-30T04:37:16.938Z","v":0}
{"name":"logger","hostname":"delrkakk166059","pid":4720,"level":30,"msg":"Body of request is  {}","time":"2015-12-30T04:37:16.955Z","v":0}
{"name":"logger","hostname":"delrkakk166059","pid":4720,"level":30,"msg":"Body of request is  {}","time":"2015-12-30T04:37:16.959Z","v":0}
{"name":"logger","hostname":"delrkakk166059","pid":4720,"level":30,"msg":"Body of request is  { username: 'Raghav Dutta', password: 'ksjsk' }","time":"2015-12-30T04:37:27.710Z","v":0}
{"name":"logger","hostname":"delrkakk166059","pid":4720,"level":30,"msg":"Body of request is  {}","time":"2015-12-30T04:38:20.333Z","v":0}
{"name":"logger","hostname":"delrkakk166059","pid":4720,"level":30,"msg":"Body of request is  {}","time":"2015-12-30T04:38:24.214Z","v":0}
{"name":"logger","hostname":"delrkakk166059","pid":4720,"level":30,"msg":"username before session invalidation undefined","time":"2015-12-30T04:38:24.217Z","v":0}
{"name":"logger","hostname":"delrkakk166059","pid":4720,"level":50,"msg":"undefined","time":"2015-12-30T04:38:24.218Z","v":0}
{"name":"logger","hostname":"delrkakk166059","pid":4720,"level":30,"msg":"Body of request is  {}","time":"2015-12-30T04:38:28.331Z","v":0}
{"name":"logger","hostname":"delrkakk166059","pid":4720,"level":30,"msg":"Body of request is  {}","time":"2015-12-30T04:38:47.201Z","v":0}
{"name":"logger","hostname":"delrkakk166059","pid":4720,"level":30,"msg":"Body of request is  {}","time":"2015-12-30T04:38:56.236Z","v":0}
{"name":"logger","hostname":"delrkakk166059","pid":4720,"level":30,"msg":"Body of request is  {}","time":"2015-12-30T04:38:57.798Z","v":0}
{"name":"logger","hostname":"delrkakk166059","pid":4720,"level":30,"msg":"Body of request is  {}","time":"2015-12-30T04:38:58.760Z","v":0}
{"name":"logger","hostname":"delrkakk166059","pid":4720,"level":30,"msg":"Body of request is  {}","time":"2015-12-30T04:38:59.030Z","v":0}
{"name":"logger","hostname":"delrkakk166059","pid":4720,"level":30,"msg":"Body of request is  {}","time":"2015-12-30T04:38:59.332Z","v":0}
{"name":"logger","hostname":"delrkakk166059","pid":4720,"level":30,"msg":"Body of request is  {}","time":"2015-12-30T04:38:59.613Z","v":0}
{"name":"logger","hostname":"delrkakk166059","pid":4720,"level":30,"msg":"Body of request is  {}","time":"2015-12-30T04:38:59.887Z","v":0}
{"name":"logger","hostname":"delrkakk166059","pid":4720,"level":30,"msg":"Body of request is  {}","time":"2015-12-30T04:39:00.183Z","v":0}
{"name":"logger","hostname":"delrkakk166059","pid":4720,"level":30,"msg":"Body of request is  {}","time":"2015-12-30T04:39:00.414Z","v":0}
{"name":"logger","hostname":"delrkakk166059","pid":4720,"level":30,"msg":"Body of request is  {}","time":"2015-12-30T04:39:00.667Z","v":0}
{"name":"logger","hostname":"delrkakk166059","pid":4720,"level":30,"msg":"Body of request is  {}","time":"2015-12-30T04:39:00.919Z","v":0}
{"name":"logger","hostname":"delrkakk166059","pid":4720,"level":30,"msg":"Body of request is  {}","time":"2015-12-30T04:39:01.164Z","v":0}
{"name":"logger","hostname":"delrkakk166059","pid":4720,"level":30,"msg":"Body of request is  {}","time":"2015-12-30T04:39:01.422Z","v":0}
{"name":"logger","hostname":"delrkakk166059","pid":4720,"level":30,"msg":"Body of request is  {}","time":"2015-12-30T04:39:01.705Z","v":0}
{"name":"logger","hostname":"delrkakk166059","pid":4720,"level":30,"msg":"Body of request is  {}","time":"2015-12-30T04:39:01.885Z","v":0}
{"name":"logger","hostname":"delrkakk166059","pid":4720,"level":30,"msg":"Body of request is  {}","time":"2015-12-30T04:39:02.058Z","v":0}
{"name":"logger","hostname":"delrkakk166059","pid":4720,"level":30,"msg":"Body of request is  {}","time":"2015-12-30T04:39:02.207Z","v":0}
{"name":"logger","hostname":"delrkakk166059","pid":9220,"level":30,"msg":"Body of request is  {}","time":"2015-12-30T04:40:55.250Z","v":0}
{"name":"logger","hostname":"delrkakk166059","pid":9220,"level":30,"msg":"Body of request is  {}","time":"2015-12-30T04:40:55.269Z","v":0}
{"name":"logger","hostname":"delrkakk166059","pid":9220,"level":30,"msg":"Body of request is  {}","time":"2015-12-30T04:40:55.274Z","v":0}
{"name":"logger","hostname":"delrkakk166059","pid":9220,"level":30,"msg":"Body of request is  { username: 'arjdk1212344', password: 'ksjsk' }","time":"2015-12-30T04:40:59.949Z","v":0}
{"name":"logger","hostname":"delrkakk166059","pid":9220,"level":30,"msg":"Body of request is  {}","time":"2015-12-30T04:41:09.604Z","v":0}
{"name":"logger","hostname":"delrkakk166059","pid":9220,"level":30,"msg":"Body of request is  {}","time":"2015-12-30T04:41:11.563Z","v":0}
{"name":"logger","hostname":"delrkakk166059","pid":9220,"level":30,"msg":"username before session invalidation undefined","time":"2015-12-30T04:41:11.564Z","v":0}
{"name":"logger","hostname":"delrkakk166059","pid":9220,"level":50,"msg":"undefined","time":"2015-12-30T04:41:11.565Z","v":0}
{"name":"logger","hostname":"delrkakk166059","pid":9220,"level":30,"msg":"Body of request is  {}","time":"2015-12-30T04:41:16.989Z","v":0}
{"name":"logger","hostname":"delrkakk166059","pid":10388,"level":30,"msg":"Body of request is  {}","time":"2015-12-30T04:43:04.142Z","v":0}
{"name":"logger","hostname":"delrkakk166059","pid":10388,"level":30,"msg":"Body of request is  {}","time":"2015-12-30T04:43:04.160Z","v":0}
{"name":"logger","hostname":"delrkakk166059","pid":10388,"level":30,"msg":"Body of request is  {}","time":"2015-12-30T04:43:04.166Z","v":0}
{"name":"logger","hostname":"delrkakk166059","pid":10388,"level":30,"msg":"Body of request is  { username: 'arjdk2222', password: 'ksjsk' }","time":"2015-12-30T04:43:09.226Z","v":0}
{"name":"logger","hostname":"delrkakk166059","pid":10388,"level":30,"msg":"Body of request is  {}","time":"2015-12-30T04:43:15.339Z","v":0}
{"name":"logger","hostname":"delrkakk166059","pid":10388,"level":30,"msg":"Body of request is  {}","time":"2015-12-30T04:43:17.540Z","v":0}
{"name":"logger","hostname":"delrkakk166059","pid":10388,"level":30,"msg":"username before session invalidation undefined","time":"2015-12-30T04:43:17.542Z","v":0}
{"name":"logger","hostname":"delrkakk166059","pid":10388,"level":50,"msg":"undefined","time":"2015-12-30T04:43:17.543Z","v":0}
{"name":"logger","hostname":"delrkakk166059","pid":10388,"level":30,"msg":"Body of request is  {}","time":"2015-12-30T04:43:20.168Z","v":0}
{"name":"logger","hostname":"delrkakk166059","pid":10388,"level":30,"msg":"Body of request is  {}","time":"2015-12-30T04:45:57.759Z","v":0}
{"name":"logger","hostname":"delrkakk166059","pid":10388,"level":30,"msg":"Body of request is  {}","time":"2015-12-30T04:45:57.767Z","v":0}
{"name":"logger","hostname":"delrkakk166059","pid":10388,"level":30,"msg":"Body of request is  {}","time":"2015-12-30T04:45:57.770Z","v":0}
{"name":"logger","hostname":"delrkakk166059","pid":10388,"level":30,"msg":"Body of request is  { username: 'Raghav Dutta', password: 'ksjsk' }","time":"2015-12-30T04:46:12.870Z","v":0}
{"name":"logger","hostname":"delrkakk166059","pid":10388,"level":30,"msg":"Body of request is  {}","time":"2015-12-30T04:46:17.172Z","v":0}
{"name":"logger","hostname":"delrkakk166059","pid":10388,"level":30,"msg":"Body of request is  {}","time":"2015-12-30T04:46:19.467Z","v":0}
{"name":"logger","hostname":"delrkakk166059","pid":10388,"level":30,"msg":"username before session invalidation undefined","time":"2015-12-30T04:46:19.468Z","v":0}
{"name":"logger","hostname":"delrkakk166059","pid":10388,"level":50,"msg":"undefined","time":"2015-12-30T04:46:19.468Z","v":0}
{"name":"logger","hostname":"delrkakk166059","pid":10388,"level":30,"msg":"Body of request is  {}","time":"2015-12-30T04:46:25.267Z","v":0}
{"name":"logger","hostname":"delrkakk166059","pid":10388,"level":30,"msg":"Body of request is  {}","time":"2015-12-30T04:46:39.980Z","v":0}
{"name":"logger","hostname":"delrkakk166059","pid":10388,"level":30,"msg":"Body of request is  {}","time":"2015-12-30T04:46:47.040Z","v":0}
{"name":"logger","hostname":"delrkakk166059","pid":10388,"level":30,"msg":"Body of request is  {}","time":"2015-12-30T04:46:47.047Z","v":0}
{"name":"logger","hostname":"delrkakk166059","pid":10388,"level":30,"msg":"Body of request is  {}","time":"2015-12-30T04:46:47.051Z","v":0}
{"name":"logger","hostname":"delrkakk166059","pid":10388,"level":30,"msg":"Body of request is  {}","time":"2015-12-30T04:46:50.348Z","v":0}
{"name":"logger","hostname":"delrkakk166059","pid":10388,"level":30,"msg":"Body of request is  {}","time":"2015-12-30T04:51:57.574Z","v":0}
{"name":"logger","hostname":"delrkakk166059","pid":10388,"level":30,"msg":"Body of request is  {}","time":"2015-12-30T04:51:57.582Z","v":0}
{"name":"logger","hostname":"delrkakk166059","pid":10388,"level":30,"msg":"Body of request is  {}","time":"2015-12-30T04:51:57.584Z","v":0}
{"name":"logger","hostname":"delrkakk166059","pid":10388,"level":30,"msg":"Body of request is  { username: 'Raghav Dutta', password: 'ksjsk' }","time":"2015-12-30T04:52:10.466Z","v":0}
{"name":"logger","hostname":"delrkakk166059","pid":10388,"level":30,"msg":"Body of request is  {}","time":"2015-12-30T04:52:18.533Z","v":0}
{"name":"logger","hostname":"delrkakk166059","pid":10388,"level":30,"msg":"Body of request is  {}","time":"2015-12-30T04:52:22.452Z","v":0}
{"name":"logger","hostname":"delrkakk166059","pid":10388,"level":30,"msg":"username before session invalidation undefined","time":"2015-12-30T04:52:22.453Z","v":0}
{"name":"logger","hostname":"delrkakk166059","pid":10388,"level":50,"msg":"undefined","time":"2015-12-30T04:52:22.453Z","v":0}
{"name":"logger","hostname":"delrkakk166059","pid":10388,"level":30,"msg":"Body of request is  {}","time":"2015-12-30T04:52:24.770Z","v":0}
{"name":"logger","hostname":"delrkakk166059","pid":10388,"level":30,"msg":"Body of request is  {}","time":"2015-12-30T04:59:50.729Z","v":0}
{"name":"logger","hostname":"delrkakk166059","pid":10388,"level":30,"msg":"Body of request is  {}","time":"2015-12-30T04:59:50.738Z","v":0}
{"name":"logger","hostname":"delrkakk166059","pid":10388,"level":30,"msg":"Body of request is  {}","time":"2015-12-30T04:59:50.741Z","v":0}
{"name":"logger","hostname":"delrkakk166059","pid":10388,"level":30,"msg":"Body of request is  { username: 'radhey', password: 'ksjsk' }","time":"2015-12-30T05:00:35.155Z","v":0}
{"name":"logger","hostname":"delrkakk166059","pid":10388,"level":30,"msg":"Body of request is  {}","time":"2015-12-30T05:00:39.144Z","v":0}
{"name":"logger","hostname":"delrkakk166059","pid":10388,"level":30,"msg":"Body of request is  {}","time":"2015-12-30T05:00:41.667Z","v":0}
{"name":"logger","hostname":"delrkakk166059","pid":10388,"level":30,"msg":"username before session invalidation undefined","time":"2015-12-30T05:00:41.668Z","v":0}
{"name":"logger","hostname":"delrkakk166059","pid":10388,"level":50,"msg":"undefined","time":"2015-12-30T05:00:41.669Z","v":0}
{"name":"logger","hostname":"delrkakk166059","pid":10388,"level":30,"msg":"Body of request is  {}","time":"2015-12-30T05:00:43.603Z","v":0}
{"name":"logger","hostname":"delrkakk166059","pid":10388,"level":30,"msg":"Body of request is  {}","time":"2015-12-30T05:06:04.068Z","v":0}
{"name":"logger","hostname":"delrkakk166059","pid":10388,"level":30,"msg":"Body of request is  {}","time":"2015-12-30T05:06:04.074Z","v":0}
{"name":"logger","hostname":"delrkakk166059","pid":10388,"level":30,"msg":"Body of request is  {}","time":"2015-12-30T05:06:04.077Z","v":0}
{"name":"logger","hostname":"delrkakk166059","pid":10388,"level":30,"msg":"Body of request is  { username: 'arjdk', password: 'ksjsk' }","time":"2015-12-30T05:06:13.537Z","v":0}
{"name":"logger","hostname":"delrkakk166059","pid":10388,"level":30,"msg":"Body of request is  { username: 'manu agarwal', password: 'ksjsk' }","time":"2015-12-30T05:06:44.873Z","v":0}
{"name":"logger","hostname":"delrkakk166059","pid":10388,"level":30,"msg":"Body of request is  {}","time":"2015-12-30T05:06:47.511Z","v":0}
{"name":"logger","hostname":"delrkakk166059","pid":10388,"level":30,"msg":"Body of request is  {}","time":"2015-12-30T05:06:49.815Z","v":0}
{"name":"logger","hostname":"delrkakk166059","pid":10388,"level":30,"msg":"username before session invalidation undefined","time":"2015-12-30T05:06:49.817Z","v":0}
{"name":"logger","hostname":"delrkakk166059","pid":10388,"level":50,"msg":"undefined","time":"2015-12-30T05:06:49.817Z","v":0}
{"name":"logger","hostname":"delrkakk166059","pid":10388,"level":30,"msg":"Body of request is  {}","time":"2015-12-30T05:06:51.996Z","v":0}
{"name":"logger","hostname":"delrkakk166059","pid":10388,"level":30,"msg":"Body of request is  {}","time":"2015-12-30T05:07:23.617Z","v":0}
{"name":"logger","hostname":"delrkakk166059","pid":10388,"level":30,"msg":"Body of request is  {}","time":"2015-12-30T05:07:23.624Z","v":0}
{"name":"logger","hostname":"delrkakk166059","pid":10388,"level":30,"msg":"Body of request is  {}","time":"2015-12-30T05:07:23.628Z","v":0}
{"name":"logger","hostname":"delrkakk166059","pid":10388,"level":30,"msg":"Body of request is  {}","time":"2015-12-30T05:07:37.296Z","v":0}
{"name":"logger","hostname":"delrkakk166059","pid":10388,"level":30,"msg":"Body of request is  {}","time":"2015-12-30T05:07:37.325Z","v":0}
{"name":"logger","hostname":"delrkakk166059","pid":10388,"level":30,"msg":"Body of request is  {}","time":"2015-12-30T05:07:37.331Z","v":0}
{"name":"logger","hostname":"delrkakk166059","pid":10948,"level":30,"msg":"server listening on port: 9000","time":"2015-12-30T07:21:53.896Z","v":0}
{"name":"logger","hostname":"delrkakk166059","pid":10948,"level":30,"msg":"Body of request is  {}","time":"2015-12-30T07:22:15.393Z","v":0}
{"name":"logger","hostname":"delrkakk166059","pid":10948,"level":30,"msg":"Body of request is  {}","time":"2015-12-30T07:22:15.418Z","v":0}
{"name":"logger","hostname":"delrkakk166059","pid":10948,"level":30,"msg":"Body of request is  {}","time":"2015-12-30T07:22:15.422Z","v":0}
{"name":"logger","hostname":"delrkakk166059","pid":10948,"level":30,"msg":"Body of request is  { username: 'arjdk12345', password: 'ksjsk' }","time":"2015-12-30T07:22:20.557Z","v":0}
{"name":"logger","hostname":"delrkakk166059","pid":10948,"level":30,"msg":"request  :: { username: 'arjdk12345', password: 'ksjsk' }","time":"2015-12-30T07:22:20.558Z","v":0}
{"name":"logger","hostname":"delrkakk166059","pid":10948,"level":30,"msg":"\n session : [object Object]","time":"2015-12-30T07:22:20.558Z","v":0}
{"name":"logger","hostname":"delrkakk166059","pid":10948,"level":30,"msg":"\n sess : [object Object]","time":"2015-12-30T07:22:20.558Z","v":0}
{"name":"logger","hostname":"delrkakk166059","pid":10948,"level":30,"msg":"\n User Entered arjdk12345","time":"2015-12-30T07:22:20.558Z","v":0}
{"name":"logger","hostname":"delrkakk166059","pid":10948,"level":30,"msg":"Body of request is  {}","time":"2015-12-30T07:22:34.997Z","v":0}
{"name":"logger","hostname":"delrkakk166059","pid":10948,"level":30,"msg":"\n In The Valid Method Session {\n  cookie: \n   { path: '/',\n     _expires: Wed Dec 30 2015 12:52:23 GMT+0530 (India Standard Time),\n     originalMaxAge: 3000,\n     httpOnly: true },\n  views: { '/loginForm': 1, username: 'arjdk12345' } }","time":"2015-12-30T07:22:35.002Z","v":0}
{"name":"logger","hostname":"delrkakk166059","pid":10948,"level":30,"msg":"Body of request is  {}","time":"2015-12-30T07:22:37.027Z","v":0}
{"name":"logger","hostname":"delrkakk166059","pid":10948,"level":30,"msg":"username before session invalidation undefined","time":"2015-12-30T07:22:37.028Z","v":0}
{"name":"logger","hostname":"delrkakk166059","pid":10948,"level":50,"msg":"undefined","time":"2015-12-30T07:22:37.028Z","v":0}
{"name":"logger","hostname":"delrkakk166059","pid":10948,"level":30,"msg":"Body of request is  {}","time":"2015-12-30T07:22:38.136Z","v":0}
{"name":"logger","hostname":"delrkakk166059","pid":10948,"level":30,"msg":"\n In The Valid Method null","time":"2015-12-30T07:22:38.136Z","v":0}
{"name":"logger","hostname":"delrkakk166059","pid":10948,"level":30,"msg":"Body of request is  {}","time":"2015-12-30T07:22:51.224Z","v":0}
{"name":"logger","hostname":"delrkakk166059","pid":10948,"level":30,"msg":"\n In The Valid Method null","time":"2015-12-30T07:22:51.224Z","v":0}
